<?xml version="1.0" encoding="UTF-8"?>
<!-- Generated by org.testng.reporters.JUnitReportReporter -->
<testsuite hostname="home-PC" name="com.amazon.Tests.HomeTest" tests="1" failures="0" timestamp="19 May 2019 12:45:18 GMT" time="16.782" errors="0">
  <testcase name="loginTest" time="16.782" classname="com.amazon.Tests.HomeTest"/>
</testsuite>
